INFO  01:06:49 Application started. Press Ctrl+C to shut down.
INFO  01:06:49 Hosting environment: Development
INFO  01:06:49 Content root path: D:\Audit Management System\AuditCheckList API
INFO  01:07:17 Get Internal Questions Was Called !!
INFO  01:07:30 Get Sox Questions Was Called !!
INFO  02:07:23 Application started. Press Ctrl+C to shut down.
INFO  02:07:23 Hosting environment: Development
INFO  02:07:23 Content root path: D:\Audit Management System\AuditCheckList API
INFO  02:07:27 Get Sox Questions Was Called !!
INFO  02:07:45 Get Internal Questions Was Called !!
INFO  02:07:52 Get Sox Questions Was Called !!
INFO  02:28:27 Application started. Press Ctrl+C to shut down.
INFO  02:28:27 Hosting environment: Development
INFO  02:28:27 Content root path: D:\Audit Management System\AuditCheckList API
INFO  03:26:25 Application started. Press Ctrl+C to shut down.
INFO  03:26:25 Hosting environment: Development
INFO  03:26:25 Content root path: D:\Audit Management System\AuditCheckList API
INFO  03:26:40 Get Questions By AuditType Was Called !!
INFO  03:26:40 Questions for Audit Type Internal Was Called
INFO  03:26:52 Get Questions By AuditType Was Called !!
INFO  03:26:52 Questions for Audit Type SOX Was Called
INFO  10:20:16 Application started. Press Ctrl+C to shut down.
INFO  10:20:16 Hosting environment: Development
INFO  10:20:16 Content root path: D:\Audit Management System\Audit Severity API
INFO  10:24:50 Application started. Press Ctrl+C to shut down.
INFO  10:24:50 Hosting environment: Development
INFO  10:24:50 Content root path: D:\Audit Management System\Audit Severity API
INFO  01:10:23 Application started. Press Ctrl+C to shut down.
INFO  01:10:23 Hosting environment: Development
INFO  01:10:23 Content root path: D:\Audit Management System\AuditManagement Portal
INFO  01:10:23 Login Page Was Called !!
INFO  01:11:08 Login Was Done With Email mannu1698@gmail.com And the Right Password
INFO  01:11:08 ChooseAuditType Was Called !!
INFO  01:11:10 ChooseAuditType Was Called !!
INFO  01:11:10 ChooseAuditType Was Called !!
ERROR 01:11:11 An unhandled exception has occurred while executing the request.
System.ArgumentOutOfRangeException: Index was out of range. Must be non-negative and less than the size of the collection. (Parameter 'index')
   at System.Collections.Generic.List`1.get_Item(Int32 index)
   at System.Linq.Enumerable.ElementAt[TSource](IEnumerable`1 source, Int32 index)
   at AspNetCore.Views_Audit_ShowQuestions.<ExecuteAsync>b__12_1() in D:\Audit Management System\AuditManagement Portal\Views\Audit\ShowQuestions.cshtml:line 11
   at Microsoft.AspNetCore.Razor.Runtime.TagHelpers.TagHelperExecutionContext.GetChildContentAsync(Boolean useCachedResult, HtmlEncoder encoder)
   at Microsoft.AspNetCore.Mvc.TagHelpers.RenderAtEndOfFormTagHelper.ProcessAsync(TagHelperContext context, TagHelperOutput output)
   at Microsoft.AspNetCore.Razor.Runtime.TagHelpers.TagHelperRunner.<RunAsync>g__Awaited|0_0(Task task, TagHelperExecutionContext executionContext, Int32 i, Int32 count)
   at AspNetCore.Views_Audit_ShowQuestions.ExecuteAsync() in D:\Audit Management System\AuditManagement Portal\Views\Audit\ShowQuestions.cshtml:line 5
   at Microsoft.AspNetCore.Mvc.Razor.RazorView.RenderPageCoreAsync(IRazorPage page, ViewContext context)
   at Microsoft.AspNetCore.Mvc.Razor.RazorView.RenderPageAsync(IRazorPage page, ViewContext context, Boolean invokeViewStarts)
   at Microsoft.AspNetCore.Mvc.Razor.RazorView.RenderAsync(ViewContext context)
   at Microsoft.AspNetCore.Mvc.ViewFeatures.ViewExecutor.ExecuteAsync(ViewContext viewContext, String contentType, Nullable`1 statusCode)
   at Microsoft.AspNetCore.Mvc.ViewFeatures.ViewExecutor.ExecuteAsync(ViewContext viewContext, String contentType, Nullable`1 statusCode)
   at Microsoft.AspNetCore.Mvc.ViewFeatures.ViewExecutor.ExecuteAsync(ActionContext actionContext, IView view, ViewDataDictionary viewData, ITempDataDictionary tempData, String contentType, Nullable`1 statusCode)
   at Microsoft.AspNetCore.Mvc.ViewFeatures.ViewResultExecutor.ExecuteAsync(ActionContext context, ViewResult result)
   at Microsoft.AspNetCore.Mvc.ViewResult.ExecuteResultAsync(ActionContext context)
   at Microsoft.AspNetCore.Mvc.Infrastructure.ResourceInvoker.<InvokeResultAsync>g__Logged|21_0(ResourceInvoker invoker, IActionResult result)
   at Microsoft.AspNetCore.Mvc.Infrastructure.ResourceInvoker.<InvokeNextResultFilterAsync>g__Awaited|29_0[TFilter,TFilterAsync](ResourceInvoker invoker, Task lastTask, State next, Scope scope, Object state, Boolean isCompleted)
   at Microsoft.AspNetCore.Mvc.Infrastructure.ResourceInvoker.Rethrow(ResultExecutedContextSealed context)
   at Microsoft.AspNetCore.Mvc.Infrastructure.ResourceInvoker.ResultNext[TFilter,TFilterAsync](State& next, Scope& scope, Object& state, Boolean& isCompleted)
   at Microsoft.AspNetCore.Mvc.Infrastructure.ResourceInvoker.InvokeResultFilters()
--- End of stack trace from previous location where exception was thrown ---
   at Microsoft.AspNetCore.Mvc.Infrastructure.ResourceInvoker.<InvokeNextResourceFilter>g__Awaited|24_0(ResourceInvoker invoker, Task lastTask, State next, Scope scope, Object state, Boolean isCompleted)
   at Microsoft.AspNetCore.Mvc.Infrastructure.ResourceInvoker.Rethrow(ResourceExecutedContextSealed context)
   at Microsoft.AspNetCore.Mvc.Infrastructure.ResourceInvoker.Next(State& next, Scope& scope, Object& state, Boolean& isCompleted)
   at Microsoft.AspNetCore.Mvc.Infrastructure.ResourceInvoker.InvokeFilterPipelineAsync()
--- End of stack trace from previous location where exception was thrown ---
   at Microsoft.AspNetCore.Mvc.Infrastructure.ResourceInvoker.<InvokeAsync>g__Logged|17_1(ResourceInvoker invoker)
   at Microsoft.AspNetCore.Routing.EndpointMiddleware.<Invoke>g__AwaitRequestTask|6_0(Endpoint endpoint, Task requestTask, ILogger logger)
   at Microsoft.AspNetCore.Authorization.AuthorizationMiddleware.Invoke(HttpContext context)
   at Microsoft.AspNetCore.Diagnostics.DeveloperExceptionPageMiddleware.Invoke(HttpContext context)
INFO  01:11:41 Application started. Press Ctrl+C to shut down.
INFO  01:11:41 Hosting environment: Development
INFO  01:11:41 Content root path: D:\Audit Management System\AuditManagement Portal
INFO  01:11:41 Login Page Was Called !!
INFO  01:11:48 Login Was Done With Email mannu1698@gmail.com And the Right Password
INFO  01:11:48 ChooseAuditType Was Called !!
INFO  01:11:49 ChooseAuditType Was Called !!
INFO  01:11:50 AuditCheckList API with Audit type  Internalwas called
INFO  01:11:50 ChooseAuditType Was Called !!
INFO  01:12:19 ChooseAuditType Was Called !!
INFO  01:12:21 Audit successfully submitted with audit ID 0
INFO  01:12:21 ShowProjectStatus Was Called !!
INFO  02:03:51 Application started. Press Ctrl+C to shut down.
INFO  02:03:51 Hosting environment: Development
INFO  02:03:51 Content root path: D:\Audit Management System\Audit Severity API
INFO  02:04:55 Post Audit Was Called !!
INFO  02:04:56 Audit Benchmark For Audit Type SOX Was Called !!
INFO  02:08:18 Application started. Press Ctrl+C to shut down.
INFO  02:08:18 Application started. Press Ctrl+C to shut down.
INFO  02:08:18 Hosting environment: Development
INFO  02:08:18 Hosting environment: Development
INFO  02:08:18 Content root path: D:\Audit Management System\Authorization API
INFO  02:08:18 Content root path: D:\Audit Management System\Authorization API
INFO  02:09:08 Http Authentication Login request Initiated
INFO  02:11:00 Http Authentication Login request Initiated
INFO  02:16:06 Application started. Press Ctrl+C to shut down.
INFO  02:16:06 Hosting environment: Development
INFO  02:16:06 Content root path: D:\Audit Management System\AuditManagement Portal
INFO  02:16:06 Login Page Was Called !!
INFO  02:18:34 Application started. Press Ctrl+C to shut down.
INFO  02:18:34 Hosting environment: Development
INFO  02:18:34 Content root path: D:\Audit Management System\AuditManagement Portal
INFO  02:18:35 Login Page Was Called !!
INFO  02:20:14 Application started. Press Ctrl+C to shut down.
INFO  02:20:14 Hosting environment: Development
INFO  02:20:14 Content root path: D:\Audit Management System\AuditManagement Portal
INFO  02:20:14 Login Page Was Called !!
INFO  02:20:58 Login Page Was Called !!
INFO  02:21:41 Application started. Press Ctrl+C to shut down.
INFO  02:21:41 Hosting environment: Development
INFO  02:21:41 Content root path: D:\Audit Management System\AuditManagement Portal
INFO  02:21:41 Login Page Was Called !!
INFO  02:24:10 Application started. Press Ctrl+C to shut down.
INFO  02:24:10 Hosting environment: Development
INFO  02:24:10 Content root path: D:\Audit Management System\AuditManagement Portal
INFO  02:24:10 Login Page Was Called !!
INFO  02:24:47 ChooseAuditType Was Called !!
INFO  02:24:54 ChooseAuditType Was Called !!
INFO  02:24:58 ChooseAuditType Was Called !!
ERROR 02:24:59 An unhandled exception has occurred while executing the request.
System.ArgumentOutOfRangeException: Index was out of range. Must be non-negative and less than the size of the collection. (Parameter 'index')
   at System.Collections.Generic.List`1.get_Item(Int32 index)
   at System.Linq.Enumerable.ElementAt[TSource](IEnumerable`1 source, Int32 index)
   at AspNetCore.Views_Audit_ShowQuestions.<ExecuteAsync>b__12_1() in D:\Audit Management System\AuditManagement Portal\Views\Audit\ShowQuestions.cshtml:line 11
   at Microsoft.AspNetCore.Razor.Runtime.TagHelpers.TagHelperExecutionContext.GetChildContentAsync(Boolean useCachedResult, HtmlEncoder encoder)
   at Microsoft.AspNetCore.Mvc.TagHelpers.RenderAtEndOfFormTagHelper.ProcessAsync(TagHelperContext context, TagHelperOutput output)
   at Microsoft.AspNetCore.Razor.Runtime.TagHelpers.TagHelperRunner.<RunAsync>g__Awaited|0_0(Task task, TagHelperExecutionContext executionContext, Int32 i, Int32 count)
   at AspNetCore.Views_Audit_ShowQuestions.ExecuteAsync() in D:\Audit Management System\AuditManagement Portal\Views\Audit\ShowQuestions.cshtml:line 5
   at Microsoft.AspNetCore.Mvc.Razor.RazorView.RenderPageCoreAsync(IRazorPage page, ViewContext context)
   at Microsoft.AspNetCore.Mvc.Razor.RazorView.RenderPageAsync(IRazorPage page, ViewContext context, Boolean invokeViewStarts)
   at Microsoft.AspNetCore.Mvc.Razor.RazorView.RenderAsync(ViewContext context)
   at Microsoft.AspNetCore.Mvc.ViewFeatures.ViewExecutor.ExecuteAsync(ViewContext viewContext, String contentType, Nullable`1 statusCode)
   at Microsoft.AspNetCore.Mvc.ViewFeatures.ViewExecutor.ExecuteAsync(ViewContext viewContext, String contentType, Nullable`1 statusCode)
   at Microsoft.AspNetCore.Mvc.ViewFeatures.ViewExecutor.ExecuteAsync(ActionContext actionContext, IView view, ViewDataDictionary viewData, ITempDataDictionary tempData, String contentType, Nullable`1 statusCode)
   at Microsoft.AspNetCore.Mvc.ViewFeatures.ViewResultExecutor.ExecuteAsync(ActionContext context, ViewResult result)
   at Microsoft.AspNetCore.Mvc.ViewResult.ExecuteResultAsync(ActionContext context)
   at Microsoft.AspNetCore.Mvc.Infrastructure.ResourceInvoker.<InvokeResultAsync>g__Logged|21_0(ResourceInvoker invoker, IActionResult result)
   at Microsoft.AspNetCore.Mvc.Infrastructure.ResourceInvoker.<InvokeNextResultFilterAsync>g__Awaited|29_0[TFilter,TFilterAsync](ResourceInvoker invoker, Task lastTask, State next, Scope scope, Object state, Boolean isCompleted)
   at Microsoft.AspNetCore.Mvc.Infrastructure.ResourceInvoker.Rethrow(ResultExecutedContextSealed context)
   at Microsoft.AspNetCore.Mvc.Infrastructure.ResourceInvoker.ResultNext[TFilter,TFilterAsync](State& next, Scope& scope, Object& state, Boolean& isCompleted)
   at Microsoft.AspNetCore.Mvc.Infrastructure.ResourceInvoker.InvokeResultFilters()
--- End of stack trace from previous location where exception was thrown ---
   at Microsoft.AspNetCore.Mvc.Infrastructure.ResourceInvoker.<InvokeNextResourceFilter>g__Awaited|24_0(ResourceInvoker invoker, Task lastTask, State next, Scope scope, Object state, Boolean isCompleted)
   at Microsoft.AspNetCore.Mvc.Infrastructure.ResourceInvoker.Rethrow(ResourceExecutedContextSealed context)
   at Microsoft.AspNetCore.Mvc.Infrastructure.ResourceInvoker.Next(State& next, Scope& scope, Object& state, Boolean& isCompleted)
   at Microsoft.AspNetCore.Mvc.Infrastructure.ResourceInvoker.InvokeFilterPipelineAsync()
--- End of stack trace from previous location where exception was thrown ---
   at Microsoft.AspNetCore.Mvc.Infrastructure.ResourceInvoker.<InvokeAsync>g__Logged|17_1(ResourceInvoker invoker)
   at Microsoft.AspNetCore.Routing.EndpointMiddleware.<Invoke>g__AwaitRequestTask|6_0(Endpoint endpoint, Task requestTask, ILogger logger)
   at Microsoft.AspNetCore.Authorization.AuthorizationMiddleware.Invoke(HttpContext context)
   at Microsoft.AspNetCore.Diagnostics.DeveloperExceptionPageMiddleware.Invoke(HttpContext context)
INFO  02:25:12 Application started. Press Ctrl+C to shut down.
INFO  02:25:12 Hosting environment: Development
INFO  02:25:12 Content root path: D:\Audit Management System\Audit Severity API
INFO  02:26:37 Post Audit Was Called !!
INFO  02:26:37 Audit Benchmark For Audit Type SOX Was Called !!
INFO  03:01:26 Application started. Press Ctrl+C to shut down.
INFO  03:01:26 Hosting environment: Development
INFO  03:01:26 Content root path: D:\Audit Management System\AuditManagement Portal
INFO  03:01:27 ChooseAuditType Was Called !!
ERROR 03:01:27 An unhandled exception has occurred while executing the request.
System.ArgumentOutOfRangeException: Index was out of range. Must be non-negative and less than the size of the collection. (Parameter 'index')
   at System.Collections.Generic.List`1.get_Item(Int32 index)
   at System.Linq.Enumerable.ElementAt[TSource](IEnumerable`1 source, Int32 index)
   at AspNetCore.Views_Audit_ShowQuestions.<ExecuteAsync>b__12_1() in D:\Audit Management System\AuditManagement Portal\Views\Audit\ShowQuestions.cshtml:line 11
   at Microsoft.AspNetCore.Razor.Runtime.TagHelpers.TagHelperExecutionContext.GetChildContentAsync(Boolean useCachedResult, HtmlEncoder encoder)
   at Microsoft.AspNetCore.Mvc.TagHelpers.RenderAtEndOfFormTagHelper.ProcessAsync(TagHelperContext context, TagHelperOutput output)
   at Microsoft.AspNetCore.Razor.Runtime.TagHelpers.TagHelperRunner.<RunAsync>g__Awaited|0_0(Task task, TagHelperExecutionContext executionContext, Int32 i, Int32 count)
   at AspNetCore.Views_Audit_ShowQuestions.ExecuteAsync() in D:\Audit Management System\AuditManagement Portal\Views\Audit\ShowQuestions.cshtml:line 5
   at Microsoft.AspNetCore.Mvc.Razor.RazorView.RenderPageCoreAsync(IRazorPage page, ViewContext context)
   at Microsoft.AspNetCore.Mvc.Razor.RazorView.RenderPageAsync(IRazorPage page, ViewContext context, Boolean invokeViewStarts)
   at Microsoft.AspNetCore.Mvc.Razor.RazorView.RenderAsync(ViewContext context)
   at Microsoft.AspNetCore.Mvc.ViewFeatures.ViewExecutor.ExecuteAsync(ViewContext viewContext, String contentType, Nullable`1 statusCode)
   at Microsoft.AspNetCore.Mvc.ViewFeatures.ViewExecutor.ExecuteAsync(ViewContext viewContext, String contentType, Nullable`1 statusCode)
   at Microsoft.AspNetCore.Mvc.ViewFeatures.ViewExecutor.ExecuteAsync(ActionContext actionContext, IView view, ViewDataDictionary viewData, ITempDataDictionary tempData, String contentType, Nullable`1 statusCode)
   at Microsoft.AspNetCore.Mvc.ViewFeatures.ViewResultExecutor.ExecuteAsync(ActionContext context, ViewResult result)
   at Microsoft.AspNetCore.Mvc.ViewResult.ExecuteResultAsync(ActionContext context)
   at Microsoft.AspNetCore.Mvc.Infrastructure.ResourceInvoker.<InvokeNextResultFilterAsync>g__Awaited|29_0[TFilter,TFilterAsync](ResourceInvoker invoker, Task lastTask, State next, Scope scope, Object state, Boolean isCompleted)
   at Microsoft.AspNetCore.Mvc.Infrastructure.ResourceInvoker.Rethrow(ResultExecutedContextSealed context)
   at Microsoft.AspNetCore.Mvc.Infrastructure.ResourceInvoker.ResultNext[TFilter,TFilterAsync](State& next, Scope& scope, Object& state, Boolean& isCompleted)
   at Microsoft.AspNetCore.Mvc.Infrastructure.ResourceInvoker.InvokeResultFilters()
--- End of stack trace from previous location where exception was thrown ---
   at Microsoft.AspNetCore.Mvc.Infrastructure.ResourceInvoker.<InvokeNextResourceFilter>g__Awaited|24_0(ResourceInvoker invoker, Task lastTask, State next, Scope scope, Object state, Boolean isCompleted)
   at Microsoft.AspNetCore.Mvc.Infrastructure.ResourceInvoker.Rethrow(ResourceExecutedContextSealed context)
   at Microsoft.AspNetCore.Mvc.Infrastructure.ResourceInvoker.Next(State& next, Scope& scope, Object& state, Boolean& isCompleted)
   at Microsoft.AspNetCore.Mvc.Infrastructure.ResourceInvoker.InvokeFilterPipelineAsync()
--- End of stack trace from previous location where exception was thrown ---
   at Microsoft.AspNetCore.Mvc.Infrastructure.ResourceInvoker.<InvokeAsync>g__Awaited|17_0(ResourceInvoker invoker, Task task, IDisposable scope)
   at Microsoft.AspNetCore.Routing.EndpointMiddleware.<Invoke>g__AwaitRequestTask|6_0(Endpoint endpoint, Task requestTask, ILogger logger)
   at Microsoft.AspNetCore.Authorization.AuthorizationMiddleware.Invoke(HttpContext context)
   at Microsoft.AspNetCore.Diagnostics.DeveloperExceptionPageMiddleware.Invoke(HttpContext context)
INFO  03:01:58 Application started. Press Ctrl+C to shut down.
INFO  03:01:58 Hosting environment: Development
INFO  03:01:58 Content root path: D:\Audit Management System\AuditManagement Portal
INFO  03:01:58 Login Page Was Called !!
INFO  03:02:19 ChooseAuditType Was Called !!
INFO  03:02:22 ChooseAuditType Was Called !!
INFO  03:02:23 AuditCheckList API with Audit type  SOXwas called
INFO  03:02:23 ChooseAuditType Was Called !!
INFO  03:02:33 ChooseAuditType Was Called !!
INFO  03:02:40 ChooseAuditType Was Called !!
INFO  03:02:40 AuditCheckList API with Audit type  SOXwas called
INFO  03:02:40 ChooseAuditType Was Called !!
INFO  03:03:30 Application started. Press Ctrl+C to shut down.
INFO  03:03:30 Hosting environment: Development
INFO  03:03:30 Content root path: D:\Audit Management System\AuditManagement Portal
INFO  03:03:30 Login Page Was Called !!
INFO  03:03:49 ChooseAuditType Was Called !!
INFO  03:03:52 ChooseAuditType Was Called !!
INFO  03:03:52 AuditCheckList API with Audit type  SOXwas called
INFO  03:03:52 ChooseAuditType Was Called !!
INFO  03:05:06 Application started. Press Ctrl+C to shut down.
INFO  03:05:06 Hosting environment: Development
INFO  03:05:06 Content root path: D:\Audit Management System\AuditManagement Portal
INFO  03:05:06 Login Page Was Called !!
INFO  03:05:34 ChooseAuditType Was Called !!
INFO  03:05:36 ChooseAuditType Was Called !!
INFO  03:05:36 AuditCheckList API with Audit type  SOXwas called
INFO  03:05:36 ChooseAuditType Was Called !!
INFO  03:06:12 Application started. Press Ctrl+C to shut down.
INFO  03:06:12 Hosting environment: Development
INFO  03:06:12 Content root path: D:\Audit Management System\AuditManagement Portal
INFO  03:06:12 Login Page Was Called !!
INFO  03:06:17 ChooseAuditType Was Called !!
INFO  03:06:19 ChooseAuditType Was Called !!
INFO  03:06:19 AuditCheckList API with Audit type  SOXwas called
INFO  03:06:19 ChooseAuditType Was Called !!
INFO  03:06:33 Application started. Press Ctrl+C to shut down.
INFO  03:06:33 Hosting environment: Development
INFO  03:06:33 Content root path: D:\Audit Management System\AuditManagement Portal
INFO  03:06:33 Login Page Was Called !!
INFO  03:06:35 ChooseAuditType Was Called !!
INFO  03:06:37 ChooseAuditType Was Called !!
INFO  03:06:37 AuditCheckList API with Audit type  SOXwas called
INFO  03:06:38 ChooseAuditType Was Called !!
INFO  03:06:45 ChooseAuditType Was Called !!
INFO  03:06:47 ChooseAuditType Was Called !!
INFO  03:06:47 AuditCheckList API with Audit type  Internalwas called
INFO  03:06:47 ChooseAuditType Was Called !!
INFO  03:08:18 Application started. Press Ctrl+C to shut down.
INFO  03:08:18 Hosting environment: Development
INFO  03:08:18 Content root path: D:\Audit Management System\AuditManagement Portal
INFO  03:08:18 Login Page Was Called !!
INFO  03:08:47 ChooseAuditType Was Called !!
INFO  03:09:05 Application started. Press Ctrl+C to shut down.
INFO  03:09:05 Hosting environment: Development
INFO  03:09:05 Content root path: D:\Audit Management System\AuditManagement Portal
INFO  03:09:05 Login Page Was Called !!
INFO  03:10:07 Login Page Was Called !!
INFO  03:11:02 ChooseAuditType Was Called !!
INFO  03:11:06 Login Page Was Called !!
INFO  03:11:13 ChooseAuditType Was Called !!
INFO  03:11:16 Login Page Was Called !!
INFO  03:13:47 Application started. Press Ctrl+C to shut down.
INFO  03:13:47 Hosting environment: Development
INFO  03:13:47 Content root path: D:\Audit Management System\AuditManagement Portal
INFO  03:13:47 Login Page Was Called !!
INFO  03:13:50 ChooseAuditType Was Called !!
INFO  03:13:54 Login Page Was Called !!
INFO  03:15:16 Application started. Press Ctrl+C to shut down.
INFO  03:15:17 Hosting environment: Development
INFO  03:15:17 Content root path: D:\Audit Management System\AuditManagement Portal
INFO  03:15:17 Login Page Was Called !!
INFO  03:15:21 Login Page Was Called !!
INFO  03:15:23 Login Page Was Called !!
INFO  03:15:38 Login Page Was Called !!
INFO  03:17:27 Application started. Press Ctrl+C to shut down.
INFO  03:17:27 Hosting environment: Development
INFO  03:17:27 Content root path: D:\Audit Management System\AuditManagement Portal
INFO  03:17:27 Login Page Was Called !!
INFO  03:17:31 Login Was Done With Email  But the Credentials Were Wrong
INFO  03:17:45 Login Was Done With Email mannu1698@gmail.com And the Right Password
INFO  03:17:46 ChooseAuditType Was Called !!
INFO  03:17:59 Application started. Press Ctrl+C to shut down.
INFO  03:17:59 Hosting environment: Development
INFO  03:17:59 Content root path: D:\Audit Management System\AuditManagement Portal
INFO  03:18:00 Login Page Was Called !!
INFO  03:18:06 Login Was Done With Email mannu1698@gmail.com And the Right Password
INFO  03:18:07 ChooseAuditType Was Called !!
INFO  03:18:10 Login Page Was Called !!
INFO  03:21:43 Application started. Press Ctrl+C to shut down.
INFO  03:21:43 Hosting environment: Development
INFO  03:21:43 Content root path: D:\Audit Management System\AuditManagement Portal
INFO  03:21:43 Login Page Was Called !!
INFO  03:22:03 Application started. Press Ctrl+C to shut down.
INFO  03:22:03 Hosting environment: Development
INFO  03:22:03 Content root path: D:\Audit Management System\AuditManagement Portal
INFO  03:22:03 Login Page Was Called !!
INFO  03:22:11 Login Was Done With Email mannu1698@gmail.com And the Right Password
INFO  03:22:23 Login Was Done With Email mannu1698@gmail.com And the Right Password
INFO  03:22:24 ChooseAuditType Was Called !!
INFO  03:22:38 Application started. Press Ctrl+C to shut down.
INFO  03:22:38 Hosting environment: Development
INFO  03:22:38 Content root path: D:\Audit Management System\AuditManagement Portal
INFO  03:22:38 Login Page Was Called !!
INFO  03:23:13 Login Was Done With Email jakfdjfj But the Credentials Were Wrong
INFO  03:24:23 Application started. Press Ctrl+C to shut down.
INFO  03:24:23 Hosting environment: Development
INFO  03:24:23 Content root path: D:\Audit Management System\AuditManagement Portal
INFO  03:24:23 Login Page Was Called !!
INFO  03:24:38 Login Was Done With Email mannu1698@gmail.com And the Right Password
INFO  03:24:38 ChooseAuditType Was Called !!
INFO  03:24:40 ChooseAuditType Was Called !!
INFO  03:24:40 AuditCheckList API with Audit type  Internalwas called
INFO  03:24:40 ChooseAuditType Was Called !!
INFO  04:20:51 Application started. Press Ctrl+C to shut down.
INFO  04:20:51 Hosting environment: Development
INFO  04:20:51 Content root path: D:\Audit Management System\AuditManagement Portal
INFO  04:20:51 Login Page Was Called !!
INFO  04:21:41 Login Was Done With Email mannu1698@gmail.com And the Right Password
INFO  04:21:42 ChooseAuditType Was Called !!
INFO  04:30:48 Application started. Press Ctrl+C to shut down.
INFO  04:30:48 Hosting environment: Development
INFO  04:30:48 Content root path: D:\Audit Management System\Audit Severity API
INFO  04:31:58 Post Audit Was Called !!
INFO  04:31:59 Audit Benchmark For Audit Type Internal Was Called !!
INFO  04:56:35 Post Audit Was Called !!
INFO  04:56:35 Audit Benchmark For Audit Type SOX Was Called !!
INFO  04:58:01 Post Audit Was Called !!
INFO  04:58:01 Audit Benchmark For Audit Type SOX Was Called !!
INFO  10:38:53 Application started. Press Ctrl+C to shut down.
INFO  10:38:53 Hosting environment: Development
INFO  10:38:53 Content root path: D:\Audit Management System\Audit Severity API
INFO  10:39:48 Post Audit Was Called !!
INFO  10:39:49 Audit Benchmark For Audit Type Internal Was Called !!
INFO  10:41:01 Post Audit Was Called !!
INFO  10:41:01 Audit Benchmark For Audit Type SOX Was Called !!
INFO  10:41:40 Post Audit Was Called !!
INFO  10:41:40 Audit Benchmark For Audit Type SOX Was Called !!
INFO  12:45:27 Application started. Press Ctrl+C to shut down.
INFO  12:45:27 Hosting environment: Development
INFO  12:45:27 Content root path: D:\Audit Management System\Audit Severity API
INFO  12:46:49 Post Audit Was Called !!
INFO  12:46:49 Audit Benchmark For Audit Type SOX Was Called !!
INFO  12:50:08 Post Audit Was Called !!
INFO  12:50:08 Audit Benchmark For Audit Type SOX Was Called !!
INFO  12:51:25 Post Audit Was Called !!
INFO  12:51:25 Audit Benchmark For Audit Type SOX Was Called !!
INFO  12:54:07 Application started. Press Ctrl+C to shut down.
INFO  12:54:07 Hosting environment: Development
INFO  12:54:07 Content root path: D:\Audit Management System\Audit Severity API
INFO  12:55:10 Post Audit Was Called !!
INFO  12:55:10 Audit Benchmark For Audit Type Internal Was Called !!
INFO  12:55:55 Post Audit Was Called !!
INFO  12:55:56 Audit Benchmark For Audit Type Internal Was Called !!
INFO  12:57:29 Post Audit Was Called !!
INFO  12:57:29 Audit Benchmark For Audit Type SOX Was Called !!
INFO  12:58:30 Post Audit Was Called !!
INFO  12:58:30 Audit Benchmark For Audit Type SOX Was Called !!
INFO  04:37:06 Application started. Press Ctrl+C to shut down.
INFO  04:37:06 Hosting environment: Development
INFO  04:37:06 Content root path: D:\Audit Management System\AuditCheckList API
INFO  04:37:19 Get Questions By AuditType Was Called !!
INFO  04:37:19 Questions for Audit Type Internal Was Called
INFO  04:37:29 Get Questions By AuditType Was Called !!
INFO  04:37:29 Questions for Audit Type Internal Was Called
INFO  04:41:40 Get Questions By AuditType Was Called !!
INFO  04:41:40 Questions for Audit Type SOX Was Called
INFO  05:45:35 Application started. Press Ctrl+C to shut down.
INFO  05:45:35 Application started. Press Ctrl+C to shut down.
INFO  05:45:35 Hosting environment: Development
INFO  05:45:35 Hosting environment: Development
INFO  05:45:35 Content root path: D:\Audit Management System\Authorization API
INFO  05:45:35 Content root path: D:\Audit Management System\Authorization API
INFO  05:45:57 Http Authentication Login request Initiated
INFO  05:46:36 Http Authentication Login request Initiated
INFO  06:11:54 Application started. Press Ctrl+C to shut down.
INFO  06:11:54 Hosting environment: Development
INFO  06:11:54 Content root path: D:\Audit Management System\Audit Severity API
INFO  06:12:10 Application started. Press Ctrl+C to shut down.
INFO  06:12:10 Hosting environment: Development
INFO  06:12:10 Content root path: D:\Audit Management System\AuditManagement Portal
INFO  06:12:10 Login Page Was Called !!
INFO  06:13:24 Login Was Done With Email mannu1698@gmail.com And the Right Password
INFO  06:13:24 ChooseAuditType Was Called !!
INFO  06:13:29 ChooseAuditType Was Called !!
INFO  06:13:53 ChooseAuditType Was Called !!
INFO  06:13:53 AuditCheckList API with Audit type  Internalwas called
INFO  06:13:53 ChooseAuditType Was Called !!
INFO  06:14:19 ChooseAuditType Was Called !!
ERROR 06:14:24 An unhandled exception has occurred while executing the request.
System.ArgumentNullException: Value cannot be null. (Parameter 'source')
   at System.Linq.ThrowHelper.ThrowArgumentNullException(ExceptionArgument argument)
   at System.Linq.Enumerable.ElementAt[TSource](IEnumerable`1 source, Int32 index)
   at AspNetCore.Views_Audit_ShowQuestions.<ExecuteAsync>b__12_1() in D:\Audit Management System\AuditManagement Portal\Views\Audit\ShowQuestions.cshtml:line 14
   at Microsoft.AspNetCore.Razor.Runtime.TagHelpers.TagHelperExecutionContext.GetChildContentAsync(Boolean useCachedResult, HtmlEncoder encoder)
   at Microsoft.AspNetCore.Mvc.TagHelpers.RenderAtEndOfFormTagHelper.ProcessAsync(TagHelperContext context, TagHelperOutput output)
   at Microsoft.AspNetCore.Razor.Runtime.TagHelpers.TagHelperRunner.<RunAsync>g__Awaited|0_0(Task task, TagHelperExecutionContext executionContext, Int32 i, Int32 count)
   at AspNetCore.Views_Audit_ShowQuestions.ExecuteAsync() in D:\Audit Management System\AuditManagement Portal\Views\Audit\ShowQuestions.cshtml:line 5
   at Microsoft.AspNetCore.Mvc.Razor.RazorView.RenderPageCoreAsync(IRazorPage page, ViewContext context)
   at Microsoft.AspNetCore.Mvc.Razor.RazorView.RenderPageAsync(IRazorPage page, ViewContext context, Boolean invokeViewStarts)
   at Microsoft.AspNetCore.Mvc.Razor.RazorView.RenderAsync(ViewContext context)
   at Microsoft.AspNetCore.Mvc.ViewFeatures.ViewExecutor.ExecuteAsync(ViewContext viewContext, String contentType, Nullable`1 statusCode)
   at Microsoft.AspNetCore.Mvc.ViewFeatures.ViewExecutor.ExecuteAsync(ViewContext viewContext, String contentType, Nullable`1 statusCode)
   at Microsoft.AspNetCore.Mvc.ViewFeatures.ViewExecutor.ExecuteAsync(ActionContext actionContext, IView view, ViewDataDictionary viewData, ITempDataDictionary tempData, String contentType, Nullable`1 statusCode)
   at Microsoft.AspNetCore.Mvc.ViewFeatures.ViewResultExecutor.ExecuteAsync(ActionContext context, ViewResult result)
   at Microsoft.AspNetCore.Mvc.ViewResult.ExecuteResultAsync(ActionContext context)
   at Microsoft.AspNetCore.Mvc.Infrastructure.ResourceInvoker.<InvokeResultAsync>g__Logged|21_0(ResourceInvoker invoker, IActionResult result)
   at Microsoft.AspNetCore.Mvc.Infrastructure.ResourceInvoker.<InvokeNextResultFilterAsync>g__Awaited|29_0[TFilter,TFilterAsync](ResourceInvoker invoker, Task lastTask, State next, Scope scope, Object state, Boolean isCompleted)
   at Microsoft.AspNetCore.Mvc.Infrastructure.ResourceInvoker.Rethrow(ResultExecutedContextSealed context)
   at Microsoft.AspNetCore.Mvc.Infrastructure.ResourceInvoker.ResultNext[TFilter,TFilterAsync](State& next, Scope& scope, Object& state, Boolean& isCompleted)
   at Microsoft.AspNetCore.Mvc.Infrastructure.ResourceInvoker.InvokeResultFilters()
--- End of stack trace from previous location where exception was thrown ---
   at Microsoft.AspNetCore.Mvc.Infrastructure.ResourceInvoker.<InvokeNextResourceFilter>g__Awaited|24_0(ResourceInvoker invoker, Task lastTask, State next, Scope scope, Object state, Boolean isCompleted)
   at Microsoft.AspNetCore.Mvc.Infrastructure.ResourceInvoker.Rethrow(ResourceExecutedContextSealed context)
   at Microsoft.AspNetCore.Mvc.Infrastructure.ResourceInvoker.Next(State& next, Scope& scope, Object& state, Boolean& isCompleted)
   at Microsoft.AspNetCore.Mvc.Infrastructure.ResourceInvoker.<InvokeFilterPipelineAsync>g__Awaited|19_0(ResourceInvoker invoker, Task lastTask, State next, Scope scope, Object state, Boolean isCompleted)
   at Microsoft.AspNetCore.Mvc.Infrastructure.ResourceInvoker.<InvokeAsync>g__Logged|17_1(ResourceInvoker invoker)
   at Microsoft.AspNetCore.Routing.EndpointMiddleware.<Invoke>g__AwaitRequestTask|6_0(Endpoint endpoint, Task requestTask, ILogger logger)
   at Microsoft.AspNetCore.Session.SessionMiddleware.Invoke(HttpContext context)
   at Microsoft.AspNetCore.Session.SessionMiddleware.Invoke(HttpContext context)
   at Microsoft.AspNetCore.Authorization.AuthorizationMiddleware.Invoke(HttpContext context)
   at Microsoft.AspNetCore.Diagnostics.DeveloperExceptionPageMiddleware.Invoke(HttpContext context)
INFO  06:22:03 Application started. Press Ctrl+C to shut down.
INFO  06:22:03 Hosting environment: Development
INFO  06:22:03 Content root path: D:\Audit Management System\AuditManagement Portal
INFO  06:22:03 Login Page Was Called !!
INFO  06:22:25 Login Was Done With Email mannu1698@gmail.com And the Right Password
INFO  06:22:25 ChooseAuditType Was Called !!
INFO  06:22:30 ChooseAuditType Was Called !!
INFO  06:22:30 AuditCheckList API with Audit type  Internalwas called
INFO  06:22:31 ChooseAuditType Was Called !!
INFO  06:22:46 ChooseAuditType Was Called !!
ERROR 06:22:51 An unhandled exception has occurred while executing the request.
System.ArgumentNullException: Value cannot be null. (Parameter 'source')
   at System.Linq.ThrowHelper.ThrowArgumentNullException(ExceptionArgument argument)
   at System.Linq.Enumerable.ElementAt[TSource](IEnumerable`1 source, Int32 index)
   at AspNetCore.Views_Audit_ShowQuestions.<ExecuteAsync>b__12_1() in D:\Audit Management System\AuditManagement Portal\Views\Audit\ShowQuestions.cshtml:line 14
   at Microsoft.AspNetCore.Razor.Runtime.TagHelpers.TagHelperExecutionContext.GetChildContentAsync(Boolean useCachedResult, HtmlEncoder encoder)
   at Microsoft.AspNetCore.Mvc.TagHelpers.RenderAtEndOfFormTagHelper.ProcessAsync(TagHelperContext context, TagHelperOutput output)
   at Microsoft.AspNetCore.Razor.Runtime.TagHelpers.TagHelperRunner.<RunAsync>g__Awaited|0_0(Task task, TagHelperExecutionContext executionContext, Int32 i, Int32 count)
   at AspNetCore.Views_Audit_ShowQuestions.ExecuteAsync() in D:\Audit Management System\AuditManagement Portal\Views\Audit\ShowQuestions.cshtml:line 5
   at Microsoft.AspNetCore.Mvc.Razor.RazorView.RenderPageCoreAsync(IRazorPage page, ViewContext context)
   at Microsoft.AspNetCore.Mvc.Razor.RazorView.RenderPageAsync(IRazorPage page, ViewContext context, Boolean invokeViewStarts)
   at Microsoft.AspNetCore.Mvc.Razor.RazorView.RenderAsync(ViewContext context)
   at Microsoft.AspNetCore.Mvc.ViewFeatures.ViewExecutor.ExecuteAsync(ViewContext viewContext, String contentType, Nullable`1 statusCode)
   at Microsoft.AspNetCore.Mvc.ViewFeatures.ViewExecutor.ExecuteAsync(ViewContext viewContext, String contentType, Nullable`1 statusCode)
   at Microsoft.AspNetCore.Mvc.ViewFeatures.ViewExecutor.ExecuteAsync(ActionContext actionContext, IView view, ViewDataDictionary viewData, ITempDataDictionary tempData, String contentType, Nullable`1 statusCode)
   at Microsoft.AspNetCore.Mvc.ViewFeatures.ViewResultExecutor.ExecuteAsync(ActionContext context, ViewResult result)
   at Microsoft.AspNetCore.Mvc.ViewResult.ExecuteResultAsync(ActionContext context)
   at Microsoft.AspNetCore.Mvc.Infrastructure.ResourceInvoker.<InvokeResultAsync>g__Logged|21_0(ResourceInvoker invoker, IActionResult result)
   at Microsoft.AspNetCore.Mvc.Infrastructure.ResourceInvoker.<InvokeNextResultFilterAsync>g__Awaited|29_0[TFilter,TFilterAsync](ResourceInvoker invoker, Task lastTask, State next, Scope scope, Object state, Boolean isCompleted)
   at Microsoft.AspNetCore.Mvc.Infrastructure.ResourceInvoker.Rethrow(ResultExecutedContextSealed context)
   at Microsoft.AspNetCore.Mvc.Infrastructure.ResourceInvoker.ResultNext[TFilter,TFilterAsync](State& next, Scope& scope, Object& state, Boolean& isCompleted)
   at Microsoft.AspNetCore.Mvc.Infrastructure.ResourceInvoker.InvokeResultFilters()
--- End of stack trace from previous location where exception was thrown ---
   at Microsoft.AspNetCore.Mvc.Infrastructure.ResourceInvoker.<InvokeNextResourceFilter>g__Awaited|24_0(ResourceInvoker invoker, Task lastTask, State next, Scope scope, Object state, Boolean isCompleted)
   at Microsoft.AspNetCore.Mvc.Infrastructure.ResourceInvoker.Rethrow(ResourceExecutedContextSealed context)
   at Microsoft.AspNetCore.Mvc.Infrastructure.ResourceInvoker.Next(State& next, Scope& scope, Object& state, Boolean& isCompleted)
   at Microsoft.AspNetCore.Mvc.Infrastructure.ResourceInvoker.<InvokeFilterPipelineAsync>g__Awaited|19_0(ResourceInvoker invoker, Task lastTask, State next, Scope scope, Object state, Boolean isCompleted)
   at Microsoft.AspNetCore.Mvc.Infrastructure.ResourceInvoker.<InvokeAsync>g__Logged|17_1(ResourceInvoker invoker)
   at Microsoft.AspNetCore.Routing.EndpointMiddleware.<Invoke>g__AwaitRequestTask|6_0(Endpoint endpoint, Task requestTask, ILogger logger)
   at Microsoft.AspNetCore.Session.SessionMiddleware.Invoke(HttpContext context)
   at Microsoft.AspNetCore.Session.SessionMiddleware.Invoke(HttpContext context)
   at Microsoft.AspNetCore.Authorization.AuthorizationMiddleware.Invoke(HttpContext context)
   at Microsoft.AspNetCore.Diagnostics.DeveloperExceptionPageMiddleware.Invoke(HttpContext context)
INFO  06:25:30 Application started. Press Ctrl+C to shut down.
INFO  06:25:30 Hosting environment: Development
INFO  06:25:30 Content root path: D:\Audit Management System\AuditManagement Portal
INFO  06:25:30 Login Page Was Called !!
INFO  06:25:49 Login Was Done With Email mannu1698@gmail.com And the Right Password
INFO  06:25:49 ChooseAuditType Was Called !!
INFO  06:25:52 ChooseAuditType Was Called !!
INFO  06:25:52 AuditCheckList API with Audit type  Internalwas called
INFO  06:25:52 ChooseAuditType Was Called !!
INFO  06:28:26 Application started. Press Ctrl+C to shut down.
INFO  06:28:26 Application started. Press Ctrl+C to shut down.
INFO  06:28:26 Hosting environment: Development
INFO  06:28:26 Hosting environment: Development
INFO  06:28:26 Content root path: D:\Audit Management System\AuditBenchMarck Api
INFO  06:28:26 Content root path: D:\Audit Management System\AuditBenchMarck Api
INFO  06:29:18 Get Internal And Sox Count Method Called !!
INFO  04:00:46 Application started. Press Ctrl+C to shut down.
INFO  04:00:46 Application started. Press Ctrl+C to shut down.
INFO  04:00:46 Hosting environment: Development
INFO  04:00:46 Hosting environment: Development
INFO  04:00:46 Content root path: D:\Audit Management System\AuditBenchMarck Api
INFO  04:00:46 Content root path: D:\Audit Management System\AuditBenchMarck Api
INFO  04:01:48 Get Internal And Sox Count Method Called !!
INFO  04:30:05 Application started. Press Ctrl+C to shut down.
INFO  04:30:05 Hosting environment: Development
INFO  04:30:05 Content root path: D:\Audit Management System\Audit Severity API
INFO  04:31:14 Application started. Press Ctrl+C to shut down.
INFO  04:31:14 Hosting environment: Development
INFO  04:31:14 Content root path: D:\Audit Management System\AuditManagement Portal
INFO  04:31:14 Login Page Was Called !!
INFO  04:31:30 Login Was Done With Email mannu1698@gmail.com And the Right Password
INFO  04:31:30 ChooseAuditType Was Called !!
INFO  04:31:33 ChooseAuditType Was Called !!
INFO  04:31:33 AuditCheckList API with Audit type  Internalwas called
INFO  04:31:33 ChooseAuditType Was Called !!
INFO  04:32:00 ChooseAuditType Was Called !!
INFO  04:32:04 Login Page Was Called !!
INFO  04:32:41 Login Page Was Called !!
INFO  04:32:55 Login Was Done With Email mannu1698@gmail.com And the Right Password
INFO  04:32:55 ChooseAuditType Was Called !!
INFO  04:32:59 ChooseAuditType Was Called !!
INFO  04:32:59 AuditCheckList API with Audit type  SOXwas called
INFO  04:32:59 ChooseAuditType Was Called !!
INFO  04:33:23 ChooseAuditType Was Called !!
INFO  04:33:24 Audit successfully submitted with audit ID 0
INFO  04:33:24 ShowProjectStatus Was Called !!
INFO  04:33:33 Login Page Was Called !!
INFO  04:33:41 Login Page Was Called !!
INFO  04:34:54 Application started. Press Ctrl+C to shut down.
INFO  04:34:54 Hosting environment: Development
INFO  04:34:54 Content root path: D:\Audit Management System\AuditManagement Portal
INFO  04:34:54 Login Page Was Called !!
INFO  04:35:25 Login Was Done With Email mannu1698@gmail.com And the Right Password
INFO  04:35:26 ChooseAuditType Was Called !!
INFO  04:35:29 ChooseAuditType Was Called !!
INFO  04:35:29 AuditCheckList API with Audit type  SOXwas called
INFO  04:35:29 ChooseAuditType Was Called !!
INFO  04:35:32 Login Page Was Called !!
INFO  04:35:55 Login Was Done With Email mannu1698@gmail.com And the Right Password
INFO  04:35:55 ChooseAuditType Was Called !!
INFO  04:35:58 ChooseAuditType Was Called !!
INFO  04:35:58 AuditCheckList API with Audit type  SOXwas called
INFO  04:35:58 ChooseAuditType Was Called !!
INFO  04:36:40 ChooseAuditType Was Called !!
INFO  04:36:44 Login Page Was Called !!
INFO  04:37:11 Login Was Done With Email mannu1698@gmail.com And the Right Password
INFO  04:37:11 ChooseAuditType Was Called !!
INFO  04:37:14 ChooseAuditType Was Called !!
INFO  04:37:14 AuditCheckList API with Audit type  Internalwas called
INFO  04:37:14 ChooseAuditType Was Called !!
INFO  04:37:41 ChooseAuditType Was Called !!
INFO  04:37:43 Audit successfully submitted with audit ID 0
INFO  04:37:43 ShowProjectStatus Was Called !!
INFO  04:37:51 Login Page Was Called !!
INFO  04:48:42 Application started. Press Ctrl+C to shut down.
INFO  04:48:42 Hosting environment: Development
INFO  04:48:42 Content root path: D:\Audit Management System\AuditManagement Portal
INFO  04:48:42 Login Page Was Called !!
INFO  04:51:04 Login Was Done With Email mannu1698@gmail.com But the Credentials Were Wrong
INFO  04:51:25 Login Was Done With Email mannu1698@gmail.com But the Credentials Were Wrong
INFO  04:51:34 Login Was Done With Email mannu1698@gmail.com And the Right Password
INFO  04:51:54 Login Was Done With Email mannu1698@gmail.com And the Right Password
INFO  04:51:54 ChooseAuditType Was Called !!
INFO  04:52:40 ChooseAuditType Was Called !!
INFO  04:53:03 ChooseAuditType Was Called !!
INFO  04:53:03 AuditCheckList API with Audit type  SOXwas called
INFO  04:53:03 ChooseAuditType Was Called !!
INFO  04:53:07 ChooseAuditType Was Called !!
INFO  04:53:11 ChooseAuditType Was Called !!
INFO  04:53:11 AuditCheckList API with Audit type  SOXwas called
INFO  04:53:11 ChooseAuditType Was Called !!
INFO  04:53:44 ChooseAuditType Was Called !!
INFO  04:53:47 ChooseAuditType Was Called !!
INFO  04:53:51 Login Page Was Called !!
INFO  04:54:24 Login Was Done With Email mannu1698@gmail.com And the Right Password
INFO  04:54:25 ChooseAuditType Was Called !!
INFO  04:54:28 ChooseAuditType Was Called !!
INFO  04:54:28 AuditCheckList API with Audit type  SOXwas called
INFO  04:54:28 ChooseAuditType Was Called !!
INFO  04:54:49 ChooseAuditType Was Called !!
INFO  04:54:50 Audit successfully submitted with audit ID 0
INFO  04:54:50 ShowProjectStatus Was Called !!
INFO  04:55:12 Login Page Was Called !!
INFO  04:55:15 Login Page Was Called !!
INFO  04:55:30 Login Page Was Called !!
INFO  06:12:31 Application started. Press Ctrl+C to shut down.
INFO  06:12:31 Hosting environment: Development
INFO  06:12:31 Content root path: D:\Audit Management System\AuditManagement Portal
INFO  06:12:31 Login Page Was Called !!
INFO  06:16:08 Login Was Done With Email mannu1698@gmail.com And the Right Password
INFO  06:16:08 ChooseAuditType Was Called !!
INFO  06:16:26 ChooseAuditType Was Called !!
INFO  06:16:26 AuditCheckList API with Audit type  Internalwas called
INFO  06:16:26 ChooseAuditType Was Called !!
INFO  06:17:01 ChooseAuditType Was Called !!
INFO  06:17:02 Audit successfully submitted with audit ID 0
INFO  06:17:02 ShowProjectStatus Was Called !!
INFO  06:18:31 Login Page Was Called !!
INFO  06:18:33 Login Page Was Called !!
INFO  06:21:34 Application started. Press Ctrl+C to shut down.
INFO  06:21:34 Hosting environment: Development
INFO  06:21:34 Content root path: D:\Audit Management System\AuditManagement Portal
INFO  06:21:34 Login Page Was Called !!
INFO  06:22:30 Login Was Done With Email mannu1698@gmail.com And the Right Password
INFO  06:22:42 Login Was Done With Email mannu1698@gmail.com And the Right Password
INFO  06:22:42 ChooseAuditType Was Called !!
INFO  06:22:52 ChooseAuditType Was Called !!
INFO  06:23:41 ChooseAuditType Was Called !!
INFO  06:23:41 AuditCheckList API with Audit type  SOXwas called
INFO  06:23:41 ChooseAuditType Was Called !!
INFO  06:24:09 ChooseAuditType Was Called !!
INFO  06:24:14 Login Page Was Called !!
INFO  06:24:47 Login Was Done With Email mannu1698@gmail.com And the Right Password
INFO  06:24:48 ChooseAuditType Was Called !!
INFO  06:24:50 ChooseAuditType Was Called !!
INFO  06:24:50 AuditCheckList API with Audit type  SOXwas called
INFO  06:24:50 ChooseAuditType Was Called !!
INFO  06:25:09 ChooseAuditType Was Called !!
INFO  06:25:10 Audit successfully submitted with audit ID 0
INFO  06:25:10 ShowProjectStatus Was Called !!
INFO  06:25:44 Login Page Was Called !!
INFO  06:34:16 Application started. Press Ctrl+C to shut down.
INFO  06:34:16 Hosting environment: Development
INFO  06:34:16 Content root path: D:\Audit Management System\AuditCheckList API
INFO  06:34:26 Get Questions By AuditType Was Called !!
INFO  06:34:26 Questions for Audit Type Internal Was Called
INFO  06:34:36 Get Questions By AuditType Was Called !!
INFO  06:34:36 Questions for Audit Type SOX Was Called
